0 info it worked if it ends with ok
1 verbose cli [ '/home/sara2/.nvm/versions/node/v7.0.0/bin/node',
1 verbose cli   '/home/sara2/.nvm/versions/node/v7.0.0/bin/npm',
1 verbose cli   'start' ]
2 info using npm@3.10.8
3 info using node@v7.0.0
4 verbose run-script [ 'prestart', 'start', 'poststart' ]
5 info lifecycle buoy-monitor@1.0.0~prestart: buoy-monitor@1.0.0
6 silly lifecycle buoy-monitor@1.0.0~prestart: no script for prestart, continuing
7 info lifecycle buoy-monitor@1.0.0~start: buoy-monitor@1.0.0
8 verbose lifecycle buoy-monitor@1.0.0~start: unsafe-perm in lifecycle true
9 verbose lifecycle buoy-monitor@1.0.0~start: PATH: /home/sara2/.nvm/versions/node/v7.0.0/lib/node_modules/npm/bin/node-gyp-bin:/home/sara2/Desktop/buoyMonitor/node_modules/.bin:/home/sara2/Desktop/google-cloud-sdk/bin:/home/sara2/bin:/home/sara2/.nvm/versions/node/v7.0.0/bin:/home/sara2/.rbenv/shims:/home/sara2/.rbenv/bin:/home/sara2/bin:/usr/local/sbin:/usr/local/bin:/usr/sbin:/usr/bin:/sbin:/bin:/usr/games:/usr/local/games:/home/sara2/.rvm/bin:/home/sara2/.rvm/bin
10 verbose lifecycle buoy-monitor@1.0.0~start: CWD: /home/sara2/Desktop/buoyMonitor
11 silly lifecycle buoy-monitor@1.0.0~start: Args: [ '-c', 'node server.js' ]
12 silly lifecycle buoy-monitor@1.0.0~start: Returned: code: 1  signal: null
13 info lifecycle buoy-monitor@1.0.0~start: Failed to exec start script
14 verbose stack Error: buoy-monitor@1.0.0 start: `node server.js`
14 verbose stack Exit status 1
14 verbose stack     at EventEmitter.<anonymous> (/home/sara2/.nvm/versions/node/v7.0.0/lib/node_modules/npm/lib/utils/lifecycle.js:255:16)
14 verbose stack     at emitTwo (events.js:106:13)
14 verbose stack     at EventEmitter.emit (events.js:191:7)
14 verbose stack     at ChildProcess.<anonymous> (/home/sara2/.nvm/versions/node/v7.0.0/lib/node_modules/npm/lib/utils/spawn.js:40:14)
14 verbose stack     at emitTwo (events.js:106:13)
14 verbose stack     at ChildProcess.emit (events.js:191:7)
14 verbose stack     at maybeClose (internal/child_process.js:877:16)
14 verbose stack     at Process.ChildProcess._handle.onexit (internal/child_process.js:226:5)
15 verbose pkgid buoy-monitor@1.0.0
16 verbose cwd /home/sara2/Desktop/buoyMonitor
17 error Linux 4.2.0-34-generic
18 error argv "/home/sara2/.nvm/versions/node/v7.0.0/bin/node" "/home/sara2/.nvm/versions/node/v7.0.0/bin/npm" "start"
19 error node v7.0.0
20 error npm  v3.10.8
21 error code ELIFECYCLE
22 error buoy-monitor@1.0.0 start: `node server.js`
22 error Exit status 1
23 error Failed at the buoy-monitor@1.0.0 start script 'node server.js'.
23 error Make sure you have the latest version of node.js and npm installed.
23 error If you do, this is most likely a problem with the buoy-monitor package,
23 error not with npm itself.
23 error Tell the author that this fails on your system:
23 error     node server.js
23 error You can get information on how to open an issue for this project with:
23 error     npm bugs buoy-monitor
23 error Or if that isn't available, you can get their info via:
23 error     npm owner ls buoy-monitor
23 error There is likely additional logging output above.
24 verbose exit [ 1, true ]
